usage: train.py [-h] --task TASK --storage_path STORAGE_PATH
                [--training_split TRAINING_SPLIT]
                [--training_split_label_dir TRAINING_SPLIT_LABEL_DIR]
                [--validation_split VALIDATION_SPLIT]
                [--test_split TEST_SPLIT]
                [--validation_examples VALIDATION_EXAMPLES]
                [--batch_size BATCH_SIZE] [--num_epochs NUM_EPOCHS]
                [--learning_rate LEARNING_RATE] [--weight_decay WEIGHT_DECAY]
                [--lr_scheduler LR_SCHEDULER] [--num_workers NUM_WORKERS]
                [--fp16] [--use_activation_checkpoint]
                [--diffusion_type DIFFUSION_TYPE]
                [--diffusion_schedule DIFFUSION_SCHEDULE]
                [--diffusion_steps DIFFUSION_STEPS]
                [--inference_diffusion_steps INFERENCE_DIFFUSION_STEPS]
                [--inference_schedule INFERENCE_SCHEDULE]
                [--inference_trick INFERENCE_TRICK]
                [--sequential_sampling SEQUENTIAL_SAMPLING]
                [--parallel_sampling PARALLEL_SAMPLING] [--n_layers N_LAYERS]
                [--hidden_dim HIDDEN_DIM] [--sparse_factor SPARSE_FACTOR]
                [--aggregation AGGREGATION]
                [--two_opt_iterations TWO_OPT_ITERATIONS]
                [--save_numpy_heatmap] [--pref_rl] [--pref_beta PREF_BETA]
                [--pref_num_start_nodes PREF_NUM_START_NODES]
                [--pref_pairs_per_graph PREF_PAIRS_PER_GRAPH]
                [--pref_apply_last_k_only]
                [--pref_last_k_steps PREF_LAST_K_STEPS]
                [--pref_supervised_weight PREF_SUPERVISED_WEIGHT]
                [--pref_rl_weight PREF_RL_WEIGHT]
                [--pref_decode_random_tiebreak]
                [--pref_decode_noise_scale PREF_DECODE_NOISE_SCALE]
                [--train_decode_sampling] [--train_sampling_use_last_k]
                [--train_sampling_K TRAIN_SAMPLING_K]
                [--pref_softlen_weight PREF_SOFTLEN_WEIGHT]
                [--pref_softlen_degree_lambda PREF_SOFTLEN_DEGREE_LAMBDA]
                [--pref_softlen_apply_last_k_only]
                [--pref_softlen_last_k_steps PREF_SOFTLEN_LAST_K_STEPS]
                [--pref_anchor_type PREF_ANCHOR_TYPE]
                [--pref_anchor_weight PREF_ANCHOR_WEIGHT]
                [--pref_freeze_bottom_layers PREF_FREEZE_BOTTOM_LAYERS]
                [--project_name PROJECT_NAME] [--wandb_entity WANDB_ENTITY]
                [--wandb_logger_name WANDB_LOGGER_NAME]
                [--resume_id RESUME_ID] [--ckpt_path CKPT_PATH]
                [--resume_weight_only] [--wandb_offline] [--do_train]
                [--do_test] [--do_valid_only] [--auto_generate]
                [--auto_num_nodes AUTO_NUM_NODES]
                [--auto_num_train AUTO_NUM_TRAIN]
                [--auto_num_val AUTO_NUM_VAL] [--auto_num_test AUTO_NUM_TEST]
                [--auto_seed AUTO_SEED]
                [--auto_two_opt_iterations AUTO_TWO_OPT_ITERATIONS]
                [--auto_save_prefix AUTO_SAVE_PREFIX] [--auto_overwrite]
train.py: error: the following arguments are required: --task, --storage_path
